*** Darwin 10x10 ***
Turn = 0.
  0123456789
0 ..r.......
1 ..h.......
2 ..........
3 ..........
4 ..........
5 ......h..t
6 .hf....t..
7 ..........
8 .......t.r
9 ...r......

Turn = 1.
  0123456789
0 ..r.......
1 ..........
2 ..r.......
3 ..........
4 ......h...
5 .........t
6 h.f....t..
7 ..........
8 .......t..
9 ..r......r

Turn = 2.
  0123456789
0 ..........
1 ..r.......
2 ..........
3 ..r...h...
4 ..........
5 .........t
6 h.f....t..
7 ..........
8 .......t..
9 .r.......r

*** Darwin 20x20 ***
Turn = 0.
  01234567890123456789
0 ......h.........t...
1 .................t..
2 ....................
3 ....................
4 ...f................
5 ....h.f.......r.....
6 ..............r.....
7 ....................
8 ................t..f
9 ....h...............
0 .............tt.r...
1 ....................
2 ............h.......
3 .h..................
4 ....................
5 ....................
6 ....................
7 ....h.............f.
8 ....................
9 ............r.......

Turn = 2.
  01234567890123456789
0 ........h.......t...
1 .................t..
2 ....................
3 ....................
4 ...f................
5 ......f......r......
6 ....................
7 ....h...............
8 ..............r.t..f
9 ....................
0 ............htt...r.
1 ....h...............
2 ....................
3 ....................
4 ....................
5 .h..................
6 ....................
7 ............r.....f.
8 ....................
9 ....h...............

Turn = 4.
  01234567890123456789
0 ..........h.....t...
1 .................t..
2 ....................
3 ....................
4 ...f................
5 ......f....r........
6 ....................
7 ....................
8 ............h...t..f
9 ....h.........r.....
0 .............tr....r
1 ....................
2 ....................
3 ....h...............
4 ....................
5 ............r.......
6 ....................
7 .h................f.
8 ....................
9 ....h...............

*** Darwin 30x30 ***
Turn = 0.
  012345678901234567890123456789
0 .....f........................
1 ..............................
2 ..............................
3 f.....h.......................
4 ........t....f..........r.....
5 ..........f...................
6 ..............................
7 ...........................h..
8 ..........................h...
9 .....................f........
0 ..............................
1 .................f...h........
2 ..............................
3 ........t.....................
4 .......r......................
5 ..............................
6 .........r....................
7 ........................t.....
8 ..............................
9 ..............................
0 .............h................
1 .rf...............t...........
2 ..............................
3 ........f....................r
4 ..............................
5 .........t...................r
6 ...t..........................
7 .................h............
8 ..............t...f...........
9 t.....................r.......

Turn = 3.
  012345678901234567890123456789
0 .....f........................
1 ..............................
2 ..............................
3 f........h....................
4 ........t....f.......r.....h..
5 ..........f...............h...
6 ..............................
7 ..............................
8 ..............................
9 .....................f........
0 ..............................
1 .................f............
2 ..............................
3 ........t.....................
4 .....................h........
5 ..............................
6 ..............................
7 .......rr....h..........t.....
8 ..............................
9 ..............................
0 .............................r
1 ..f...............t...........
2 ..............................
3 ........f.....................
4 .r...............h............
5 .........t....................
6 ...t..........................
7 .............................r
8 ..............t...f...........
9 t........................r....

Turn = 6.
  012345678901234567890123456789
0 .....f........................
1 ...........................h..
2 ..........................h...
3 f...........h.................
4 ........t....f....r...........
5 ..........f...................
6 ..............................
7 ..............................
8 ..............................
9 .....................f........
0 ..............................
1 .................f............
2 ..............................
3 ........t.....................
4 .............h................
5 ..............................
6 ..............................
7 .....................h..t....r
8 ..............................
9 ..............................
0 .......rr.....................
1 ..f..............ht...........
2 ..............................
3 ........f.....................
4 ..............................
5 .........t....................
6 ...t..........................
7 .r............................
8 ..............t...f...........
9 t...........................rr

*** Darwin 40x40 ***
Turn = 0.
  0123456789012345678901234567890123456789
0 ........................................
1 ..............................f.........
2 ..f...............f.....................
3 .......................................f
4 ................r................t......
5 ........................................
6 ........................................
7 ........................h...............
8 ....................r...................
9 .................................t......
0 .....t.......h........f...............h.
1 ........................................
2 ...................f............f.......
3 ........................................
4 ........................................
5 ...................hr...................
6 ....f...................................
7 ........................................
8 ....r..t................................
9 ...................f....................
0 ........................................
1 ..f................h.............r......
2 ........................................
3 ........................................
4 r..................h..f.................
5 ......................h.....r...........
6 ....r...................................
7 .....f...................f..............
8 ...................r..........h.........
9 ........................................
0 ....r...................t...............
1 .............f..........................
2 ........................................
3 ........................................
4 ......h.................................
5 ..................................f.....
6 .......................................t
7 ........................................
8 ........................................
9 ........................................

Turn = 4.
  0123456789012345678901234567890123456789
0 ........................................
1 ..............................f.........
2 ..f...............f.....................
3 .......................................f
4 ............r....................t......
5 ........................................
6 ........................................
7 ............................h...........
8 ................r.......................
9 .................................t......
0 .....t...h............f................h
1 ........................................
2 ...................f............f.......
3 ........................................
4 ........................................
5 ................r.......................
6 ....f...................................
7 .................................r......
8 ......tt...........h....................
9 ...................f....................
0 r..................h....................
1 ..f.........................r...........
2 ....r...................................
3 ........................................
4 ......................f.................
5 ........................................
6 ........................................
7 .....f...................f..............
8 ...................h....................
9 ......................h.................
0 r.......................t...............
1 .............f..........................
2 ...................r..........h.........
3 ........................................
4 ........................................
5 ..................................f.....
6 .......................................t
7 ........................................
8 ......h.................................
9 ........................................

Turn = 8.
  0123456789012345678901234567890123456789
0 ........................................
1 ..............................f.........
2 ..f...............f.....................
3 .......................................f
4 ........r........................t......
5 ........................................
6 ........................................
7 ................................h.......
8 ............r...........................
9 .................................t......
0 .....th...............f................h
1 ........................................
2 ...................f............f.......
3 .................................r......
4 ........................................
5 ............r...........................
6 r...f...................................
7 ............................r...........
8 ....r.tt...........h....................
9 ...................f....................
0 ...................h....................
1 ..f.....................................
2 ........................................
3 ........................................
4 ......................f.................
5 ........................................
6 ........................................
7 r....f...................f..............
8 ........................................
9 ........................................
0 ........................t...............
1 .............f..........................
2 ...................h....................
3 ......................h.................
4 ........................................
5 ..................................f.....
6 ...................r..........h........t
7 ........................................
8 ........................................
9 ......h.................................

*** Darwin 50x50 ***
Turn = 0.
  01234567890123456789012345678901234567890123456789
0 ......................................h...........
1 ...................................t..............
2 ............................f.....................
3 ..................................................
4 ............................f.....................
5 ............r.....................................
6 ..................................................
7 ..............f...................................
8 ............h..........h..........................
9 ..................f...............................
0 ..............f...................................
1 ...............................t..................
2 ..................................................
3 ..................................................
4 .....................h............................
5 ..................................................
6 ....................r.............................
7 ......f...........................................
8 .............................................h....
9 ..........................h.......................
0 ..................................................
1 ..................................................
2 ..................................................
3 ..................................................
4 .....h............................................
5 ..r...........................................r...
6 ..................................................
7 ............h.....................................
8 ..................................................
9 ..........f................................h.....f
0 ...............................t..................
1 ...........................................h...f..
2 ..................................................
3 .......h.............................f............
4 ........................................h.........
5 ..................................................
6 ..................................................
7 .....h............................................
8 .......t................h.........................
9 .................h....f...........................
0 ...h............................h..............r..
1 ..................................................
2 ..........h....t..................................
3 ..................................................
4 ..................................................
5 ...........................................f......
6 ..................t.......f...........f...........
7 ...t.............................................r
8 ...h..r.............................r...h.........
9 ..................................................

Turn = 5.
  01234567890123456789012345678901234567890123456789
0 ..................................................
1 ...................................t..............
2 ............................f.....................
3 ..................................................
4 ............................f.....................
5 .......r..............................h...........
6 ..................................................
7 ..............f...................................
8 .......h....................h.....................
9 ..................f...............................
0 ..............f...................................
1 ....................r..........t..................
2 ..................................................
3 ..................................................
4 ..........................h.......................
5 ..........................h.......................
6 ..................................................
7 ......f...........................................
8 ..................................................
9 ..................................................
0 ..r...............................................
1 ..................................................
2 ..................................................
3 .............................................h....
4 ..........h.......................................
5 ..................................................
6 ..................................................
7 .......h..........................................
8 ..................................................
9 ..........f......................................f
0 ...............................t..............r...
1 ......................................h........f..
2 ..................................................
3 ..h..................................f............
4 .................h.................h.......h......
5 ................................h.................
6 ..................................................
7 ..................................................
8 .......t.....................h....................
9 ......................f...........................
0 ........h.................................r.......
1 .....h............................................
2 ..............tt..................................
3 ....................................r.............
4 ..................................................
5 ...........................................f......
6 ..................t.......f...........f...........
7 ...t..............................................
8 ...................................h..............
9 ....rr.........................................r..

Turn = 10.
  01234567890123456789012345678901234567890123456789
0 ..................................................
1 ...................................t..............
2 ............................f.....................
3 ..................................................
4 ............................f.....................
5 ..r...............................................
6 ....................r.............................
7 ..............f...................................
8 ..h..............................h................
9 ..................f...............................
0 ..............f...........h...........h...........
1 ...............................t..................
2 ..................................................
3 ..................................................
4 ...............................h..................
5 ..r...............................................
6 ..................................................
7 ......f...........................................
8 ..................................................
9 ..................................................
0 ..................................................
1 ..................................................
2 ..................................................
3 ..................................................
4 ...............h..................................
5 ..................................................
6 ..................................................
7 ..h...............................................
8 .............................................h....
9 ..........f......h...............................f
0 ...............................th.................
1 .................................h.............f..
2 ..................................................
3 h....................................f............
4 ..............................h...................
5 ..............................................r...
6 ..................................................
7 ..................................................
8 .......t..........................h.r.............
9 ......................f....................h......
0 .............h.......................r............
1 ..................................................
2 ..............tt..................................
3 ..................................................
4 ..................................................
5 ...........................................f......
6 .....h............t.......f...........f...........
7 ...t..............................................
8 ..............................h...................
9 rr........................................r.......

*** Darwin 60x60 ***
Turn = 0.
  012345678901234567890123456789012345678901234567890123456789
0 ........................h...................................
1 .................t..........................................
2 ..........................................t.................
3 ...............................................f............
4 ..................................f....h.........f..........
5 ...r........................................................
6 ....................r.......................................
7 ...................................................h........
8 .............................................h..............
9 ............................................................
0 ........................................................t...
1 .......r....................................................
2 ............................................................
3 ......r.....................................................
4 ...................h........................................
5 ...................................t.....h..................
6 ................h...........................................
7 ..........................r...............t..h..............
8 .....................................r......................
9 .....................................r......................
0 ............................................................
1 .........................f........................t.........
2 ..h.........................................................
3 .............................................f..............
4 ...........r................................................
5 ........................................................h...
6 ...........................................t................
7 ............................................................
8 .................................h.........h................
9 ............................................................
0 ............................................................
1 .....f......................................................
2 ..........................................................t.
3 ............................................................
4 ............................................................
5 ..........t.r.................f.............................
6 ............................................................
7 ............................................................
8 ............................................................
9 ................................................t.f.....t...
0 ..................r.........................................
1 ............................................................
2 ................................t...................r.f.....
3 .............h........h.....................................
4 ..........................................t.................
5 .................................................h..........
6 ............................................................
7 ..............................t.......................f.....
8 ............................................................
9 ............................................................
0 ................................rh....r.....................
1 .....f.......h..............................................
2 ............................................................
3 ............................................................
4 ..............t.............................................
5 ............................................................
6 .........t..................................................
7 ............................................................
8 ...................................................r........
9 ..........................h......................t..........

Turn = 6.
  012345678901234567890123456789012345678901234567890123456789
0 ........................h...................................
1 .................t..........................................
2 ..........................................t.................
3 ...............................................f............
4 ..................................f..............f..........
5 .........r..................................................
6 ..............r.............................................
7 .............................................h..............
8 ............................................................
9 ............................................................
0 .......................................h................t...
1 ............................................................
2 ...r.................................r......................
3 ............r...............................................
4 .............h...............................h..............
5 ...................................t...........h............
6 ..........h.................................................
7 ..........................................t.................
8 ............................................................
9 ........................................................h...
0 ............................................................
1 .........................f........................t.........
2 h............................................h..............
3 ..........................r..................f..............
4 .................r..........................................
5 .....................................r......................
6 ...........................................t................
7 ...........................................t................
8 ...........................h................................
9 ............................................................
0 ............................................................
1 .....f......................................................
2 ..........................................................t.
3 ............................................................
4 ............................................................
5 ..........t...................f.............................
6 ............................................................
7 ............................................................
8 ............................................................
9 ................................................t.f.....t...
0 ........................r...................................
1 ............r...............................................
2 ................................t.....................f.....
3 .................hh.........................................
4 ..........................................t.................
5 .....................................................h......
6 ............................................................
7 ..............................t.......................f.....
8 ....................................................r.......
9 ............................................................
0 ...........................h................r...............
1 .....f......................................................
2 ...................................................r........
3 ............................................................
4 .............tt.............................................
5 ............................................................
6 .........t......................r...........................
7 ............................................................
8 ............................................................
9 ....................h............................t..........

Turn = 12.
  012345678901234567890123456789012345678901234567890123456789
0 ........................h...................................
1 .................t..........................................
2 ..........................................t.................
3 ...............................................f............
4 ..................................f..............f..........
5 ...............r............................................
6 ........r............................r......................
7 .......................................h....................
8 ............................................................
9 ............................................................
0 ........................................................t...
1 ............................................................
2 ............................................................
3 ..................r.....................................h...
4 r......h....................................................
5 ...................................t.................h......
6 ....h..................................h....................
7 ..........................................t.................
8 ............................................................
9 ............................................................
0 .............................................h..............
1 .........................f........................t.........
2 h............................................h..............
3 .............................................f..............
4 .......................r....................................
5 ............................................................
6 ...........................................t................
7 ...........................................t................
8 .....................h......................................
9 ..........................r.................................
0 ............................................................
1 .....f...............................r......................
2 ..........................................................t.
3 ............................................................
4 ............................................................
5 ..........t...................f.............................
6 ............................................................
7 ............................................................
8 ............................................................
9 ................................................t.f.....t...
0 ..............................r.............................
1 ............................................................
2 ................................t.....................f.....
3 .................hh.........................................
4 ..........................................t.................
5 ...........................................................h
6 ...................................................r........
7 ............r.................t.......................f.....
8 ............................................................
9 ............................................................
0 .....................h............................r.........
1 .....f......................................................
2 ............................................................
3 ............................................................
4 .............tt.....................................r.......
5 ............................................................
6 .........t..................................................
7 ............................................................
8 ............................................................
9 ..............h...............r..................t..........